<?xml version="1.0" encoding="UTF-8"?>
<testsuite xmlns:xsi="http://www.w3.org/2001/XMLSchema-instance" xsi:noNamespaceSchemaLocation="https://maven.apache.org/surefire/maven-surefire-plugin/xsd/surefire-test-report.xsd" name="com.brainfeaster.boilerPlateV0.BoilerPlateV0ApplicationTests" time="3.488" tests="1" errors="0" skipped="0" failures="0">
  <properties>
    <property name="java.specification.version" value="17"/>
    <property name="sun.jnu.encoding" value="UTF-8"/>
    <property name="java.class.path" value="/Users/m_166894/Documents/workspace-spring-tool-suite-4-4.12.1.RELEASE/boilerPlateV0/target/test-classes:/Users/m_166894/Documents/workspace-spring-tool-suite-4-4.12.1.RELEASE/boilerPlateV0/target/classes:/Users/m_166894/.m2/org/springframework/boot/spring-boot-starter-data-mongodb/2.6.1/spring-boot-starter-data-mongodb-2.6.1.jar:/Users/m_166894/.m2/org/springframework/boot/spring-boot-starter/2.6.1/spring-boot-starter-2.6.1.jar:/Users/m_166894/.m2/org/springframework/boot/spring-boot-starter-logging/2.6.1/spring-boot-starter-logging-2.6.1.jar:/Users/m_166894/.m2/ch/qos/logback/logback-classic/1.2.7/logback-classic-1.2.7.jar:/Users/m_166894/.m2/ch/qos/logback/logback-core/1.2.7/logback-core-1.2.7.jar:/Users/m_166894/.m2/org/apache/logging/log4j/log4j-to-slf4j/2.14.1/log4j-to-slf4j-2.14.1.jar:/Users/m_166894/.m2/org/apache/logging/log4j/log4j-api/2.14.1/log4j-api-2.14.1.jar:/Users/m_166894/.m2/org/slf4j/jul-to-slf4j/1.7.32/jul-to-slf4j-1.7.32.jar:/Users/m_166894/.m2/jakarta/annotation/jakarta.annotation-api/1.3.5/jakarta.annotation-api-1.3.5.jar:/Users/m_166894/.m2/org/yaml/snakeyaml/1.29/snakeyaml-1.29.jar:/Users/m_166894/.m2/org/mongodb/mongodb-driver-sync/4.4.0/mongodb-driver-sync-4.4.0.jar:/Users/m_166894/.m2/org/mongodb/bson/4.4.0/bson-4.4.0.jar:/Users/m_166894/.m2/org/mongodb/mongodb-driver-core/4.4.0/mongodb-driver-core-4.4.0.jar:/Users/m_166894/.m2/org/springframework/data/spring-data-mongodb/3.3.0/spring-data-mongodb-3.3.0.jar:/Users/m_166894/.m2/org/springframework/spring-tx/5.3.13/spring-tx-5.3.13.jar:/Users/m_166894/.m2/org/springframework/spring-context/5.3.13/spring-context-5.3.13.jar:/Users/m_166894/.m2/org/springframework/spring-beans/5.3.13/spring-beans-5.3.13.jar:/Users/m_166894/.m2/org/springframework/spring-expression/5.3.13/spring-expression-5.3.13.jar:/Users/m_166894/.m2/org/springframework/data/spring-data-commons/2.6.0/spring-data-commons-2.6.0.jar:/Users/m_166894/.m2/org/slf4j/slf4j-api/1.7.32/slf4j-api-1.7.32.jar:/Users/m_166894/.m2/org/springframework/boot/spring-boot-starter-web/2.6.1/spring-boot-starter-web-2.6.1.jar:/Users/m_166894/.m2/org/springframework/boot/spring-boot-starter-json/2.6.1/spring-boot-starter-json-2.6.1.jar:/Users/m_166894/.m2/com/fasterxml/jackson/core/jackson-databind/2.13.0/jackson-databind-2.13.0.jar:/Users/m_166894/.m2/com/fasterxml/jackson/core/jackson-annotations/2.13.0/jackson-annotations-2.13.0.jar:/Users/m_166894/.m2/com/fasterxml/jackson/core/jackson-core/2.13.0/jackson-core-2.13.0.jar:/Users/m_166894/.m2/com/fasterxml/jackson/datatype/jackson-datatype-jdk8/2.13.0/jackson-datatype-jdk8-2.13.0.jar:/Users/m_166894/.m2/com/fasterxml/jackson/datatype/jackson-datatype-jsr310/2.13.0/jackson-datatype-jsr310-2.13.0.jar:/Users/m_166894/.m2/com/fasterxml/jackson/module/jackson-module-parameter-names/2.13.0/jackson-module-parameter-names-2.13.0.jar:/Users/m_166894/.m2/org/springframework/boot/spring-boot-starter-tomcat/2.6.1/spring-boot-starter-tomcat-2.6.1.jar:/Users/m_166894/.m2/org/apache/tomcat/embed/tomcat-embed-core/9.0.55/tomcat-embed-core-9.0.55.jar:/Users/m_166894/.m2/org/apache/tomcat/embed/tomcat-embed-el/9.0.55/tomcat-embed-el-9.0.55.jar:/Users/m_166894/.m2/org/apache/tomcat/embed/tomcat-embed-websocket/9.0.55/tomcat-embed-websocket-9.0.55.jar:/Users/m_166894/.m2/org/springframework/spring-web/5.3.13/spring-web-5.3.13.jar:/Users/m_166894/.m2/org/springframework/spring-webmvc/5.3.13/spring-webmvc-5.3.13.jar:/Users/m_166894/.m2/org/springframework/spring-aop/5.3.13/spring-aop-5.3.13.jar:/Users/m_166894/.m2/org/springframework/boot/spring-boot-devtools/2.6.1/spring-boot-devtools-2.6.1.jar:/Users/m_166894/.m2/org/springframework/boot/spring-boot/2.6.1/spring-boot-2.6.1.jar:/Users/m_166894/.m2/org/springframework/boot/spring-boot-autoconfigure/2.6.1/spring-boot-autoconfigure-2.6.1.jar:/Users/m_166894/.m2/org/springframework/boot/spring-boot-starter-test/2.6.1/spring-boot-starter-test-2.6.1.jar:/Users/m_166894/.m2/org/springframework/boot/spring-boot-test/2.6.1/spring-boot-test-2.6.1.jar:/Users/m_166894/.m2/org/springframework/boot/spring-boot-test-autoconfigure/2.6.1/spring-boot-test-autoconfigure-2.6.1.jar:/Users/m_166894/.m2/com/jayway/jsonpath/json-path/2.6.0/json-path-2.6.0.jar:/Users/m_166894/.m2/net/minidev/json-smart/2.4.7/json-smart-2.4.7.jar:/Users/m_166894/.m2/net/minidev/accessors-smart/2.4.7/accessors-smart-2.4.7.jar:/Users/m_166894/.m2/org/ow2/asm/asm/9.1/asm-9.1.jar:/Users/m_166894/.m2/jakarta/xml/bind/jakarta.xml.bind-api/2.3.3/jakarta.xml.bind-api-2.3.3.jar:/Users/m_166894/.m2/jakarta/activation/jakarta.activation-api/1.2.2/jakarta.activation-api-1.2.2.jar:/Users/m_166894/.m2/org/assertj/assertj-core/3.21.0/assertj-core-3.21.0.jar:/Users/m_166894/.m2/org/hamcrest/hamcrest/2.2/hamcrest-2.2.jar:/Users/m_166894/.m2/org/junit/jupiter/junit-jupiter/5.8.1/junit-jupiter-5.8.1.jar:/Users/m_166894/.m2/org/junit/jupiter/junit-jupiter-api/5.8.1/junit-jupiter-api-5.8.1.jar:/Users/m_166894/.m2/org/opentest4j/opentest4j/1.2.0/opentest4j-1.2.0.jar:/Users/m_166894/.m2/org/junit/platform/junit-platform-commons/1.8.1/junit-platform-commons-1.8.1.jar:/Users/m_166894/.m2/org/apiguardian/apiguardian-api/1.1.2/apiguardian-api-1.1.2.jar:/Users/m_166894/.m2/org/junit/jupiter/junit-jupiter-params/5.8.1/junit-jupiter-params-5.8.1.jar:/Users/m_166894/.m2/org/junit/jupiter/junit-jupiter-engine/5.8.1/junit-jupiter-engine-5.8.1.jar:/Users/m_166894/.m2/org/junit/platform/junit-platform-engine/1.8.1/junit-platform-engine-1.8.1.jar:/Users/m_166894/.m2/org/mockito/mockito-core/4.0.0/mockito-core-4.0.0.jar:/Users/m_166894/.m2/net/bytebuddy/byte-buddy/1.11.22/byte-buddy-1.11.22.jar:/Users/m_166894/.m2/net/bytebuddy/byte-buddy-agent/1.11.22/byte-buddy-agent-1.11.22.jar:/Users/m_166894/.m2/org/objenesis/objenesis/3.2/objenesis-3.2.jar:/Users/m_166894/.m2/org/mockito/mockito-junit-jupiter/4.0.0/mockito-junit-jupiter-4.0.0.jar:/Users/m_166894/.m2/org/skyscreamer/jsonassert/1.5.0/jsonassert-1.5.0.jar:/Users/m_166894/.m2/com/vaadin/external/google/android-json/0.0.20131108.vaadin1/android-json-0.0.20131108.vaadin1.jar:/Users/m_166894/.m2/org/springframework/spring-core/5.3.13/spring-core-5.3.13.jar:/Users/m_166894/.m2/org/springframework/spring-jcl/5.3.13/spring-jcl-5.3.13.jar:/Users/m_166894/.m2/org/springframework/spring-test/5.3.13/spring-test-5.3.13.jar:/Users/m_166894/.m2/org/xmlunit/xmlunit-core/2.8.3/xmlunit-core-2.8.3.jar:"/>
    <property name="java.vm.vendor" value="Eclipse Adoptium"/>
    <property name="sun.arch.data.model" value="64"/>
    <property name="java.vendor.url" value="https://adoptium.net/"/>
    <property name="os.name" value="Mac OS X"/>
    <property name="java.vm.specification.version" value="17"/>
    <property name="sun.java.launcher" value="SUN_STANDARD"/>
    <property name="user.country" value="CA"/>
    <property name="sun.boot.library.path" value="/Applications/SpringToolSuite4.app/Contents/Eclipse/plugins/org.eclipse.justj.openjdk.hotspot.jre.full.macosx.x86_64_17.0.0.v20211012-1059/jre/lib"/>
    <property name="sun.java.command" value="/Users/m_166894/Documents/workspace-spring-tool-suite-4-4.12.1.RELEASE/boilerPlateV0/target/surefire/surefirebooter17125803557725171777.jar /Users/m_166894/Documents/workspace-spring-tool-suite-4-4.12.1.RELEASE/boilerPlateV0/target/surefire 2021-12-14T10-47-22_346-jvmRun1 surefire15850140280329901036tmp surefire_03599913179703907921tmp"/>
    <property name="http.nonProxyHosts" value="local|*.local|169.254/16|*.169.254/16"/>
    <property name="jdk.debug" value="release"/>
    <property name="surefire.test.class.path" value="/Users/m_166894/Documents/workspace-spring-tool-suite-4-4.12.1.RELEASE/boilerPlateV0/target/test-classes:/Users/m_166894/Documents/workspace-spring-tool-suite-4-4.12.1.RELEASE/boilerPlateV0/target/classes:/Users/m_166894/.m2/org/springframework/boot/spring-boot-starter-data-mongodb/2.6.1/spring-boot-starter-data-mongodb-2.6.1.jar:/Users/m_166894/.m2/org/springframework/boot/spring-boot-starter/2.6.1/spring-boot-starter-2.6.1.jar:/Users/m_166894/.m2/org/springframework/boot/spring-boot-starter-logging/2.6.1/spring-boot-starter-logging-2.6.1.jar:/Users/m_166894/.m2/ch/qos/logback/logback-classic/1.2.7/logback-classic-1.2.7.jar:/Users/m_166894/.m2/ch/qos/logback/logback-core/1.2.7/logback-core-1.2.7.jar:/Users/m_166894/.m2/org/apache/logging/log4j/log4j-to-slf4j/2.14.1/log4j-to-slf4j-2.14.1.jar:/Users/m_166894/.m2/org/apache/logging/log4j/log4j-api/2.14.1/log4j-api-2.14.1.jar:/Users/m_166894/.m2/org/slf4j/jul-to-slf4j/1.7.32/jul-to-slf4j-1.7.32.jar:/Users/m_166894/.m2/jakarta/annotation/jakarta.annotation-api/1.3.5/jakarta.annotation-api-1.3.5.jar:/Users/m_166894/.m2/org/yaml/snakeyaml/1.29/snakeyaml-1.29.jar:/Users/m_166894/.m2/org/mongodb/mongodb-driver-sync/4.4.0/mongodb-driver-sync-4.4.0.jar:/Users/m_166894/.m2/org/mongodb/bson/4.4.0/bson-4.4.0.jar:/Users/m_166894/.m2/org/mongodb/mongodb-driver-core/4.4.0/mongodb-driver-core-4.4.0.jar:/Users/m_166894/.m2/org/springframework/data/spring-data-mongodb/3.3.0/spring-data-mongodb-3.3.0.jar:/Users/m_166894/.m2/org/springframework/spring-tx/5.3.13/spring-tx-5.3.13.jar:/Users/m_166894/.m2/org/springframework/spring-context/5.3.13/spring-context-5.3.13.jar:/Users/m_166894/.m2/org/springframework/spring-beans/5.3.13/spring-beans-5.3.13.jar:/Users/m_166894/.m2/org/springframework/spring-expression/5.3.13/spring-expression-5.3.13.jar:/Users/m_166894/.m2/org/springframework/data/spring-data-commons/2.6.0/spring-data-commons-2.6.0.jar:/Users/m_166894/.m2/org/slf4j/slf4j-api/1.7.32/slf4j-api-1.7.32.jar:/Users/m_166894/.m2/org/springframework/boot/spring-boot-starter-web/2.6.1/spring-boot-starter-web-2.6.1.jar:/Users/m_166894/.m2/org/springframework/boot/spring-boot-starter-json/2.6.1/spring-boot-starter-json-2.6.1.jar:/Users/m_166894/.m2/com/fasterxml/jackson/core/jackson-databind/2.13.0/jackson-databind-2.13.0.jar:/Users/m_166894/.m2/com/fasterxml/jackson/core/jackson-annotations/2.13.0/jackson-annotations-2.13.0.jar:/Users/m_166894/.m2/com/fasterxml/jackson/core/jackson-core/2.13.0/jackson-core-2.13.0.jar:/Users/m_166894/.m2/com/fasterxml/jackson/datatype/jackson-datatype-jdk8/2.13.0/jackson-datatype-jdk8-2.13.0.jar:/Users/m_166894/.m2/com/fasterxml/jackson/datatype/jackson-datatype-jsr310/2.13.0/jackson-datatype-jsr310-2.13.0.jar:/Users/m_166894/.m2/com/fasterxml/jackson/module/jackson-module-parameter-names/2.13.0/jackson-module-parameter-names-2.13.0.jar:/Users/m_166894/.m2/org/springframework/boot/spring-boot-starter-tomcat/2.6.1/spring-boot-starter-tomcat-2.6.1.jar:/Users/m_166894/.m2/org/apache/tomcat/embed/tomcat-embed-core/9.0.55/tomcat-embed-core-9.0.55.jar:/Users/m_166894/.m2/org/apache/tomcat/embed/tomcat-embed-el/9.0.55/tomcat-embed-el-9.0.55.jar:/Users/m_166894/.m2/org/apache/tomcat/embed/tomcat-embed-websocket/9.0.55/tomcat-embed-websocket-9.0.55.jar:/Users/m_166894/.m2/org/springframework/spring-web/5.3.13/spring-web-5.3.13.jar:/Users/m_166894/.m2/org/springframework/spring-webmvc/5.3.13/spring-webmvc-5.3.13.jar:/Users/m_166894/.m2/org/springframework/spring-aop/5.3.13/spring-aop-5.3.13.jar:/Users/m_166894/.m2/org/springframework/boot/spring-boot-devtools/2.6.1/spring-boot-devtools-2.6.1.jar:/Users/m_166894/.m2/org/springframework/boot/spring-boot/2.6.1/spring-boot-2.6.1.jar:/Users/m_166894/.m2/org/springframework/boot/spring-boot-autoconfigure/2.6.1/spring-boot-autoconfigure-2.6.1.jar:/Users/m_166894/.m2/org/springframework/boot/spring-boot-starter-test/2.6.1/spring-boot-starter-test-2.6.1.jar:/Users/m_166894/.m2/org/springframework/boot/spring-boot-test/2.6.1/spring-boot-test-2.6.1.jar:/Users/m_166894/.m2/org/springframework/boot/spring-boot-test-autoconfigure/2.6.1/spring-boot-test-autoconfigure-2.6.1.jar:/Users/m_166894/.m2/com/jayway/jsonpath/json-path/2.6.0/json-path-2.6.0.jar:/Users/m_166894/.m2/net/minidev/json-smart/2.4.7/json-smart-2.4.7.jar:/Users/m_166894/.m2/net/minidev/accessors-smart/2.4.7/accessors-smart-2.4.7.jar:/Users/m_166894/.m2/org/ow2/asm/asm/9.1/asm-9.1.jar:/Users/m_166894/.m2/jakarta/xml/bind/jakarta.xml.bind-api/2.3.3/jakarta.xml.bind-api-2.3.3.jar:/Users/m_166894/.m2/jakarta/activation/jakarta.activation-api/1.2.2/jakarta.activation-api-1.2.2.jar:/Users/m_166894/.m2/org/assertj/assertj-core/3.21.0/assertj-core-3.21.0.jar:/Users/m_166894/.m2/org/hamcrest/hamcrest/2.2/hamcrest-2.2.jar:/Users/m_166894/.m2/org/junit/jupiter/junit-jupiter/5.8.1/junit-jupiter-5.8.1.jar:/Users/m_166894/.m2/org/junit/jupiter/junit-jupiter-api/5.8.1/junit-jupiter-api-5.8.1.jar:/Users/m_166894/.m2/org/opentest4j/opentest4j/1.2.0/opentest4j-1.2.0.jar:/Users/m_166894/.m2/org/junit/platform/junit-platform-commons/1.8.1/junit-platform-commons-1.8.1.jar:/Users/m_166894/.m2/org/apiguardian/apiguardian-api/1.1.2/apiguardian-api-1.1.2.jar:/Users/m_166894/.m2/org/junit/jupiter/junit-jupiter-params/5.8.1/junit-jupiter-params-5.8.1.jar:/Users/m_166894/.m2/org/junit/jupiter/junit-jupiter-engine/5.8.1/junit-jupiter-engine-5.8.1.jar:/Users/m_166894/.m2/org/junit/platform/junit-platform-engine/1.8.1/junit-platform-engine-1.8.1.jar:/Users/m_166894/.m2/org/mockito/mockito-core/4.0.0/mockito-core-4.0.0.jar:/Users/m_166894/.m2/net/bytebuddy/byte-buddy/1.11.22/byte-buddy-1.11.22.jar:/Users/m_166894/.m2/net/bytebuddy/byte-buddy-agent/1.11.22/byte-buddy-agent-1.11.22.jar:/Users/m_166894/.m2/org/objenesis/objenesis/3.2/objenesis-3.2.jar:/Users/m_166894/.m2/org/mockito/mockito-junit-jupiter/4.0.0/mockito-junit-jupiter-4.0.0.jar:/Users/m_166894/.m2/org/skyscreamer/jsonassert/1.5.0/jsonassert-1.5.0.jar:/Users/m_166894/.m2/com/vaadin/external/google/android-json/0.0.20131108.vaadin1/android-json-0.0.20131108.vaadin1.jar:/Users/m_166894/.m2/org/springframework/spring-core/5.3.13/spring-core-5.3.13.jar:/Users/m_166894/.m2/org/springframework/spring-jcl/5.3.13/spring-jcl-5.3.13.jar:/Users/m_166894/.m2/org/springframework/spring-test/5.3.13/spring-test-5.3.13.jar:/Users/m_166894/.m2/org/xmlunit/xmlunit-core/2.8.3/xmlunit-core-2.8.3.jar:"/>
    <property name="sun.cpu.endian" value="little"/>
    <property name="user.home" value="/Users/m_166894"/>
    <property name="user.language" value="en"/>
    <property name="java.specification.vendor" value="Oracle Corporation"/>
    <property name="java.version.date" value="2021-09-14"/>
    <property name="java.home" value="/Applications/SpringToolSuite4.app/Contents/Eclipse/plugins/org.eclipse.justj.openjdk.hotspot.jre.full.macosx.x86_64_17.0.0.v20211012-1059/jre"/>
    <property name="file.separator" value="/"/>
    <property name="style.color" value="always"/>
    <property name="basedir" value="/Users/m_166894/Documents/workspace-spring-tool-suite-4-4.12.1.RELEASE/boilerPlateV0"/>
    <property name="java.vm.compressedOopsMode" value="Zero based"/>
    <property name="line.separator" value="&#10;"/>
    <property name="java.vm.specification.vendor" value="Oracle Corporation"/>
    <property name="java.specification.name" value="Java Platform API Specification"/>
    <property name="surefire.real.class.path" value="/Users/m_166894/Documents/workspace-spring-tool-suite-4-4.12.1.RELEASE/boilerPlateV0/target/surefire/surefirebooter17125803557725171777.jar"/>
    <property name="sun.management.compiler" value="HotSpot 64-Bit Tiered Compilers"/>
    <property name="ftp.nonProxyHosts" value="local|*.local|169.254/16|*.169.254/16"/>
    <property name="java.runtime.version" value="17+35"/>
    <property name="user.name" value="m_166894"/>
    <property name="path.separator" value=":"/>
    <property name="os.version" value="11.5"/>
    <property name="java.runtime.name" value="OpenJDK Runtime Environment"/>
    <property name="file.encoding" value="UTF-8"/>
    <property name="java.vm.name" value="OpenJDK 64-Bit Server VM"/>
    <property name="java.vendor.version" value="Temurin-17+35"/>
    <property name="localRepository" value="/Users/m_166894/.m2"/>
    <property name="java.vendor.url.bug" value="https://github.com/adoptium/adoptium-support/issues"/>
    <property name="java.io.tmpdir" value="/var/folders/hv/q4p0tzxd42l3wq51s1y1b7gr0000gq/T/"/>
    <property name="java.version" value="17"/>
    <property name="user.dir" value="/Users/m_166894/Documents/workspace-spring-tool-suite-4-4.12.1.RELEASE/boilerPlateV0"/>
    <property name="os.arch" value="x86_64"/>
    <property name="java.vm.specification.name" value="Java Virtual Machine Specification"/>
    <property name="native.encoding" value="UTF-8"/>
    <property name="java.library.path" value="/Users/m_166894/Library/Java/Extensions:/Library/Java/Extensions:/Network/Library/Java/Extensions:/System/Library/Java/Extensions:/usr/lib/java:."/>
    <property name="java.vm.info" value="mixed mode"/>
    <property name="java.vendor" value="Eclipse Adoptium"/>
    <property name="java.vm.version" value="17+35"/>
    <property name="sun.io.unicode.encoding" value="UnicodeBig"/>
    <property name="socksNonProxyHosts" value="local|*.local|169.254/16|*.169.254/16"/>
    <property name="java.class.version" value="61.0"/>
  </properties>
  <testcase name="contextLoads" classname="com.brainfeaster.boilerPlateV0.BoilerPlateV0ApplicationTests" time="0.479"/>
</testsuite>